[www.11-76.com/themes/runex/index-VIMEO-VIDEO-DARK.html]
[backblue.gif]
[fade.gif]
[index.html]
[www.11-76.com/themes/runex/img/background/slide-img-about.jpg]
[www.11-76.com/themes/runex/img/background/slide-img-works.jpg]
[www.11-76.com/themes/runex/img/background/slide-img-services.jpg]
[www.11-76.com/themes/runex/img/background/slide-img-news.jpg]
[www.11-76.com/themes/runex/img/background/slide-img-contact.jpg]
[www.11-76.com/themes/runex/img/team/1.jpg]
[www.11-76.com/themes/runex/img/team/2.jpg]
[www.11-76.com/themes/runex/img/team/3.jpg]
[www.11-76.com/themes/runex/img/team/4.jpg]
[www.11-76.com/themes/runex/img/team/5.jpg]
[www.11-76.com/themes/runex/img/timeline/1.jpg]
[www.11-76.com/themes/runex/img/timeline/2.jpg]
[www.11-76.com/themes/runex/img/timeline/3.jpg]
[www.11-76.com/themes/runex/img/works/1.jpg]
[www.11-76.com/themes/runex/img/works/2.jpg]
[www.11-76.com/themes/runex/img/works/5.jpg]
[www.11-76.com/themes/runex/img/works/6.jpg]
[www.11-76.com/themes/runex/img/news/news-gallery/gallery-1/1.jpg]
[www.11-76.com/themes/runex/img/news/news-gallery/gallery-1/2.jpg]
[www.11-76.com/themes/runex/img/news/news-gallery/gallery-1/3.jpg]
[www.11-76.com/themes/runex/img/news/news-gallery/gallery-1/4.jpg]
[www.11-76.com/themes/runex/img/news/news-gallery/gallery-1/5.jpg]
[www.11-76.com/themes/runex/img/news/news-gallery/gallery-2/1.jpg]
[www.11-76.com/themes/runex/img/news/news-gallery/gallery-2/2.jpg]
[www.11-76.com/themes/runex/img/news/news-gallery/gallery-2/3.jpg]
[www.11-76.com/themes/runex/img/news/news-gallery/gallery-2/4.jpg]
[www.11-76.com/themes/runex/img/news/news-gallery/gallery-2/5.jpg]
[www.11-76.com/themes/runex/img/news/news-gallery/gallery-3/1.jpg]
[www.11-76.com/themes/runex/img/news/news-gallery/gallery-3/2.jpg]
[www.11-76.com/themes/runex/img/news/news-gallery/gallery-3/3.jpg]
[www.11-76.com/themes/runex/img/news/news-gallery/gallery-3/4.jpg]
[www.11-76.com/themes/runex/img/news/news-gallery/gallery-3/5.jpg]
[www.11-76.com/themes/runex/img/news/news-gallery/gallery-4/1.jpg]
[www.11-76.com/themes/runex/img/news/news-gallery/gallery-4/2.jpg]
[www.11-76.com/themes/runex/img/news/news-gallery/gallery-4/3.jpg]
[www.11-76.com/themes/runex/img/news/news-gallery/gallery-4/4.jpg]
[www.11-76.com/themes/runex/img/news/news-gallery/gallery-4/5.jpg]
[www.11-76.com/themes/runex/js/plugins.js]
[www.11-76.com/themes/runex/js/runex.js]
[www.11-76.com/themes/runex/index-VIMEO-VIDEO-DARK.html]
[www.11-76.com/themes/runex/fonts/glyphicons-halflings-regular.eot]
[www.11-76.com/themes/runex/fonts/glyphicons-halflings-regulard41d.eot]
[www.11-76.com/themes/runex/fonts/glyphicons-halflings-regular.woff2]
[www.11-76.com/themes/runex/fonts/glyphicons-halflings-regular.woff]
[www.11-76.com/themes/runex/fonts/glyphicons-halflings-regular.ttf]
[www.11-76.com/themes/runex/fonts/glyphicons-halflings-regular.svg]
[www.11-76.com/themes/runex/fonts/ionicons28b5.eot]
[www.11-76.com/themes/runex/fonts/ionicons28b5.ttf]
[www.11-76.com/themes/runex/fonts/ionicons28b5.woff]
[www.11-76.com/themes/runex/photoswipe/default-skin/preloader.gif]
[www.11-76.com/themes/runex/css/font/ytp-regular.eot]
[www.11-76.com/themes/runex/css/owl.video.play.png]
[www.11-76.com/themes/runex/css/plugins.css]
[www.11-76.com/themes/runex/img/works/3.jpg]
[www.11-76.com/themes/runex/img/works/4.jpg]
[www.11-76.com/themes/runex/img/works/7.jpg]
[www.11-76.com/themes/runex/img/works/8.jpg]
[www.11-76.com/themes/runex/img/news/1.jpg]
[www.11-76.com/themes/runex/img/news/2.jpg]
[www.11-76.com/themes/runex/img/news/3.jpg]
[www.11-76.com/themes/runex/img/news/4.jpg]
[www.11-76.com/themes/runex/img/background/hero-bg-1.jpg]
[www.11-76.com/themes/runex/img/background/hero-bg-2.jpg]
[www.11-76.com/themes/runex/img/background/hero-bg-3.jpg]
[www.11-76.com/themes/runex/img/background/hero-bg-4.jpg]
[www.11-76.com/themes/runex/img/background/home-img-top-left.jpg]
[www.11-76.com/themes/runex/img/background/home-img-top-center.jpg]
[www.11-76.com/themes/runex/img/background/home-img-top-right.jpg]
[www.11-76.com/themes/runex/img/background/home-img-bottom-left.jpg]
[www.11-76.com/themes/runex/img/background/home-img-bottom-center.jpg]
[www.11-76.com/themes/runex/img/background/home-img-bottom-right.jpg]
[www.11-76.com/themes/runex/img/logo-light.png]
[www.11-76.com/themes/runex/img/background/YT-bg.jpg]
[www.11-76.com/themes/runex/img/background/vimeo-bg.jpg]
[www.11-76.com/themes/runex/photoswipe/default-skin/default-skin.png]
[www.11-76.com/themes/runex/css/style-DARK.css]
[www.11-76.com/themes/runex/fonts/glyphicons-halflings-regular.html]
[www.11-76.com/themes/runex/fonts/glyphicons-halflings-regulard41d.html]
[www.11-76.com/themes/runex/fonts/glyphicons-halflings-regular-2.html]
[www.11-76.com/themes/runex/fonts/glyphicons-halflings-regular-3.html]
[www.11-76.com/themes/runex/fonts/glyphicons-halflings-regular-4.html]
[www.11-76.com/themes/runex/fonts/glyphicons-halflings-regular-5.html]
[www.11-76.com/themes/runex/fonts/ionicons28b5.svg]
[www.11-76.com/themes/runex/css/owl.video.play.html]
